#
# A fatal error has been detected by the Java Runtime Environment:
#
#  Internal Error (0xc0000002), pid=25492, tid=0x000073e8
#
# JRE version: Java(TM) SE Runtime Environment (8.0_241-b07) (build 1.8.0_241-b07)
# Java VM: Java HotSpot(TM) Client VM (25.241-b07 mixed mode, sharing windows-x86 )
# Problematic frame:
# C  [KERNELBASE.dll+0x1219b2]
#
# Failed to write core dump. Minidumps are not enabled by default on client versions of Windows
#
# If you would like to submit a bug report, please visit:
#   http://bugreport.java.com/bugreport/crash.jsp
# The crash happened outside the Java Virtual Machine in native code.
# See problematic frame for where to report the bug.
#

---------------  T H R E A D  ---------------

Current thread (0x02b15400):  JavaThread "Finalizer" daemon [_thread_in_native, id=29672, stack(0x158b0000,0x15900000)]

siginfo: ExceptionCode=0xc0000002

Registers:
EAX=0x158ff2e8, EBX=0x000522fa, ECX=0x00000000, EDX=0x64b75a90
ESP=0x158ff2e8, EBP=0x158ff340, ESI=0x02b15540, EDI=0x158ff398
EIP=0x778c19b2, EFLAGS=0x00000246

Top of Stack: (sp=0x158ff2e8)
0x158ff2e8:   c0000002 00000001 00000000 778c19b2
0x158ff2f8:   00000000 15265b80 158ff348 5d1bcaa1
0x158ff308:   02b15400 00000006 02b15540 5d2a5c3c
0x158ff318:   02b15540 158ff398 00000022 a9a1bb77
0x158ff328:   158ff398 02b15540 000522fa 158ff324
0x158ff338:   02b15540 836ba19c 158ff388 758a9cf1
0x158ff348:   c0000002 00000001 00000000 00000000
0x158ff358:   64ce11c4 19089c10 903c5a1a 02b15400 

Instructions: (pc=0x778c19b2)
0x778c1992:   89 44 24 10 c1 e0 02 50 51 8d 44 24 1c 50 e8 bf
0x778c19a2:   80 00 00 83 c4 0c 8d 04 24 50 ff 15 fc 73 96 77
0x778c19b2:   8b 4c 24 54 33 cc e8 c3 4a 00 00 8b e5 5d c2 10
0x778c19c2:   00 83 64 24 10 00 eb de 6a 0f 58 eb c3 cc cc cc 


Register to memory mapping:

EAX=0x158ff2e8 is pointing into the stack for thread: 0x02b15400
EBX=0x000522fa is an unknown value
ECX=0x00000000 is an unknown value
EDX=0x64b75a90 is an unknown value
ESP=0x158ff2e8 is pointing into the stack for thread: 0x02b15400
EBP=0x158ff340 is pointing into the stack for thread: 0x02b15400
ESI=0x02b15540 is an unknown value
EDI=0x158ff398 is pointing into the stack for thread: 0x02b15400


Stack: [0x158b0000,0x15900000],  sp=0x158ff2e8,  free space=316k
Native frames: (J=compiled Java code, j=interpreted, Vv=VM code, C=native code)
C  [KERNELBASE.dll+0x1219b2]
C  [msvcrt.dll+0x59cf1]
J 402  be.derycke.pieter.com.COMReference.release()J (0 bytes) @ 0x02cb2753 [0x02cb26d0+0x83]
J 401 C1 be.derycke.pieter.com.COMReference.finalize()V (33 bytes) @ 0x02cb3e64 [0x02cb3d60+0x104]
J 396 C1 java.lang.ref.Finalizer.runFinalizer(Lsun/misc/JavaLangAccess;)V (62 bytes) @ 0x02cb2ec0 [0x02cb2d20+0x1a0]
J 395 C1 java.lang.ref.Finalizer.access$100(Ljava/lang/ref/Finalizer;Lsun/misc/JavaLangAccess;)V (6 bytes) @ 0x02cb2b14 [0x02cb2b00+0x14]
j  java.lang.ref.Finalizer$FinalizerThread.run()V+45
v  ~StubRoutines::call_stub
V  [jvm.dll+0x15c5c5]
V  [jvm.dll+0x228b6e]
V  [jvm.dll+0x15c65e]
V  [jvm.dll+0x15c7e6]
V  [jvm.dll+0x15c857]
V  [jvm.dll+0x10025f]
V  [jvm.dll+0x17f930]
V  [jvm.dll+0x1801aa]
V  [jvm.dll+0x1c6ef6]
C  [msvcr100.dll+0x5c556]
C  [msvcr100.dll+0x5c600]
C  [KERNEL32.DLL+0x20419]
C  [ntdll.dll+0x6662d]
C  [ntdll.dll+0x665fd]
C  0x00000000

Java frames: (J=compiled Java code, j=interpreted, Vv=VM code)
J 402  be.derycke.pieter.com.COMReference.release()J (0 bytes) @ 0x02cb270f [0x02cb26d0+0x3f]
J 401 C1 be.derycke.pieter.com.COMReference.finalize()V (33 bytes) @ 0x02cb3e64 [0x02cb3d60+0x104]
J 396 C1 java.lang.ref.Finalizer.runFinalizer(Lsun/misc/JavaLangAccess;)V (62 bytes) @ 0x02cb2ec0 [0x02cb2d20+0x1a0]
J 395 C1 java.lang.ref.Finalizer.access$100(Ljava/lang/ref/Finalizer;Lsun/misc/JavaLangAccess;)V (6 bytes) @ 0x02cb2b14 [0x02cb2b00+0x14]
j  java.lang.ref.Finalizer$FinalizerThread.run()V+45
v  ~StubRoutines::call_stub

---------------  P R O C E S S  ---------------

Java Threads: ( => current thread )
  0x19173800 JavaThread "TimerQueue" daemon [_thread_blocked, id=29532, stack(0x19750000,0x197a0000)]
  0x012bcc00 JavaThread "DestroyJavaVM" [_thread_blocked, id=2200, stack(0x01240000,0x01290000)]
  0x1660dc00 JavaThread "AWT-EventQueue-0" [_thread_blocked, id=19120, stack(0x168f0000,0x16940000)]
  0x1660d400 JavaThread "AWT-Shutdown" [_thread_blocked, id=3192, stack(0x166a0000,0x166f0000)]
  0x16559800 JavaThread "Thread-2" [_thread_blocked, id=17744, stack(0x16940000,0x16990000)]
  0x16466800 JavaThread "Java2D Disposer" daemon [_thread_blocked, id=11576, stack(0x16610000,0x16660000)]
  0x02b40c00 JavaThread "Service Thread" daemon [_thread_blocked, id=26864, stack(0x15bf0000,0x15c40000)]
  0x02b21800 JavaThread "C1 CompilerThread0" daemon [_thread_blocked, id=28496, stack(0x15b60000,0x15bb0000)]
  0x02b20400 JavaThread "Attach Listener" daemon [_thread_blocked, id=25684, stack(0x15ad0000,0x15b20000)]
  0x02b1e400 JavaThread "Signal Dispatcher" daemon [_thread_blocked, id=19576, stack(0x15a40000,0x15a90000)]
=>0x02b15400 JavaThread "Finalizer" daemon [_thread_in_native, id=29672, stack(0x158b0000,0x15900000)]
  0x02ab7000 JavaThread "Reference Handler" daemon [_thread_blocked, id=14980, stack(0x15820000,0x15870000)]

Other Threads:
  0x02ab4800 VMThread [stack: 0x04d40000,0x04d90000] [id=860]
  0x02b51c00 WatcherThread [stack: 0x15c80000,0x15cd0000] [id=23792]

VM state:not at safepoint (normal execution)

VM Mutex/Monitor currently owned by a thread: None

Heap:
 def new generation   total 8960K, used 2179K [0x04e00000, 0x057b0000, 0x0a350000)
  eden space 8000K,  19% used [0x04e00000, 0x04f86528, 0x055d0000)
  from space 960K,  64% used [0x056c0000, 0x0575aa00, 0x057b0000)
  to   space 960K,   0% used [0x055d0000, 0x055d0000, 0x056c0000)
 tenured generation   total 19716K, used 15368K [0x0a350000, 0x0b691000, 0x14e00000)
   the space 19716K,  77% used [0x0a350000, 0x0b252008, 0x0b252200, 0x0b691000)
 Metaspace       used 1819K, capacity 2847K, committed 2880K, reserved 4480K

Card table byte_map: [0x04c10000,0x04ca0000] byte_map_base: 0x04be9000

Polling page: 0x011d0000

CodeCache: size=32768Kb used=1520Kb max_used=1520Kb free=31247Kb
 bounds [0x02b90000, 0x02d10000, 0x04b90000]
 total_blobs=931 nmethods=690 adapters=171
 compilation: enabled

Compilation events (10 events):
Event: 21.442 Thread 0x02b21800  687  s          java.lang.Throwable::fillInStackTrace (29 bytes)
Event: 21.442 Thread 0x02b21800 nmethod 687 0x02d0b2c8 code [0x02d0b3d0, 0x02d0b5dc]
Event: 21.446 Thread 0x02b21800  689             java.lang.NullPointerException::<init> (5 bytes)
Event: 21.446 Thread 0x02b21800 nmethod 689 0x02d0b688 code [0x02d0b780, 0x02d0b80c]
Event: 21.446 Thread 0x02b21800  690             java.lang.RuntimeException::<init> (5 bytes)
Event: 21.446 Thread 0x02b21800 nmethod 690 0x02d0b888 code [0x02d0b990, 0x02d0ba5c]
Event: 21.446 Thread 0x02b21800  691             java.lang.Exception::<init> (5 bytes)
Event: 21.446 Thread 0x02b21800 nmethod 691 0x02d0bb08 code [0x02d0bc10, 0x02d0be8c]
Event: 21.446 Thread 0x02b21800  692             java.lang.Throwable::<init> (29 bytes)
Event: 21.446 Thread 0x02b21800 nmethod 692 0x02d0bf88 code [0x02d0c090, 0x02d0c30c]

GC Heap History (10 events):
Event: 0.695 GC heap before
{Heap before GC invocations=0 (full 0):
 def new generation   total 4928K, used 4416K [0x04e00000, 0x05350000, 0x0a350000)
  eden space 4416K, 100% used [0x04e00000, 0x05250000, 0x05250000)
  from space 512K,   0% used [0x05250000, 0x05250000, 0x052d0000)
  to   space 512K,   0% used [0x052d0000, 0x052d0000, 0x05350000)
 tenured generation   total 10944K, used 0K [0x0a350000, 0x0ae00000, 0x14e00000)
   the space 10944K,   0% used [0x0a350000, 0x0a350000, 0x0a350200, 0x0ae00000)
 Metaspace       used 760K, capacity 2544K, committed 2624K, reserved 4480K
Event: 0.699 GC heap after
Heap after GC invocations=1 (full 0):
 def new generation   total 4928K, used 512K [0x04e00000, 0x05350000, 0x0a350000)
  eden space 4416K,   0% used [0x04e00000, 0x04e00000, 0x05250000)
  from space 512K, 100% used [0x052d0000, 0x05350000, 0x05350000)
  to   space 512K,   0% used [0x05250000, 0x05250000, 0x052d0000)
 tenured generation   total 10944K, used 771K [0x0a350000, 0x0ae00000, 0x14e00000)
   the space 10944K,   7% used [0x0a350000, 0x0a410e28, 0x0a411000, 0x0ae00000)
 Metaspace       used 760K, capacity 2544K, committed 2624K, reserved 4480K
}
Event: 2.060 GC heap before
{Heap before GC invocations=1 (full 0):
 def new generation   total 4928K, used 4928K [0x04e00000, 0x05350000, 0x0a350000)
  eden space 4416K, 100% used [0x04e00000, 0x05250000, 0x05250000)
  from space 512K, 100% used [0x052d0000, 0x05350000, 0x05350000)
  to   space 512K,   0% used [0x05250000, 0x05250000, 0x052d0000)
 tenured generation   total 10944K, used 771K [0x0a350000, 0x0ae00000, 0x14e00000)
   the space 10944K,   7% used [0x0a350000, 0x0a410e28, 0x0a411000, 0x0ae00000)
 Metaspace       used 1670K, capacity 2842K, committed 2880K, reserved 4480K
Event: 2.066 GC heap after
Heap after GC invocations=2 (full 0):
 def new generation   total 4928K, used 512K [0x04e00000, 0x05350000, 0x0a350000)
  eden space 4416K,   0% used [0x04e00000, 0x04e00000, 0x05250000)
  from space 512K, 100% used [0x05250000, 0x052d0000, 0x052d0000)
  to   space 512K,   0% used [0x052d0000, 0x052d0000, 0x05350000)
 tenured generation   total 10944K, used 2136K [0x0a350000, 0x0ae00000, 0x14e00000)
   the space 10944K,  19% used [0x0a350000, 0x0a566370, 0x0a566400, 0x0ae00000)
 Metaspace       used 1670K, capacity 2842K, committed 2880K, reserved 4480K
}
Event: 2.287 GC heap before
{Heap before GC invocations=2 (full 0):
 def new generation   total 4928K, used 4902K [0x04e00000, 0x05350000, 0x0a350000)
  eden space 4416K,  99% used [0x04e00000, 0x052498b8, 0x05250000)
  from space 512K, 100% used [0x05250000, 0x052d0000, 0x052d0000)
  to   space 512K,   0% used [0x052d0000, 0x052d0000, 0x05350000)
 tenured generation   total 10944K, used 7368K [0x0a350000, 0x0ae00000, 0x14e00000)
   the space 10944K,  67% used [0x0a350000, 0x0aa82080, 0x0aa82200, 0x0ae00000)
 Metaspace       used 1728K, capacity 2842K, committed 2880K, reserved 4480K
Event: 2.292 GC heap after
Heap after GC invocations=3 (full 0):
 def new generation   total 4928K, used 469K [0x04e00000, 0x05350000, 0x0a350000)
  eden space 4416K,   0% used [0x04e00000, 0x04e00000, 0x05250000)
  from space 512K,  91% used [0x052d0000, 0x05345448, 0x05350000)
  to   space 512K,   0% used [0x05250000, 0x05250000, 0x052d0000)
 tenured generation   total 10944K, used 7814K [0x0a350000, 0x0ae00000, 0x14e00000)
   the space 10944K,  71% used [0x0a350000, 0x0aaf1b98, 0x0aaf1c00, 0x0ae00000)
 Metaspace       used 1728K, capacity 2842K, committed 2880K, reserved 4480K
}
Event: 2.330 GC heap before
{Heap before GC invocations=3 (full 0):
 def new generation   total 4928K, used 4421K [0x04e00000, 0x05350000, 0x0a350000)
  eden space 4416K,  89% used [0x04e00000, 0x051dc1e0, 0x05250000)
  from space 512K,  91% used [0x052d0000, 0x05345448, 0x05350000)
  to   space 512K,   0% used [0x05250000, 0x05250000, 0x052d0000)
 tenured generation   total 10944K, used 7814K [0x0a350000, 0x0ae00000, 0x14e00000)
   the space 10944K,  71% used [0x0a350000, 0x0aaf1b98, 0x0aaf1c00, 0x0ae00000)
 Metaspace       used 1762K, capacity 2844K, committed 2880K, reserved 4480K
Event: 2.343 GC heap after
Heap after GC invocations=4 (full 1):
 def new generation   total 8960K, used 0K [0x04e00000, 0x057b0000, 0x0a350000)
  eden space 8000K,   0% used [0x04e00000, 0x04e00000, 0x055d0000)
  from space 960K,   0% used [0x055d0000, 0x055d0000, 0x056c0000)
  to   space 960K,   0% used [0x056c0000, 0x056c0000, 0x057b0000)
 tenured generation   total 19716K, used 11828K [0x0a350000, 0x0b691000, 0x14e00000)
   the space 19716K,  59% used [0x0a350000, 0x0aedd2b0, 0x0aedd400, 0x0b691000)
 Metaspace       used 1762K, capacity 2844K, committed 2880K, reserved 4480K
}
Event: 21.378 GC heap before
{Heap before GC invocations=4 (full 1):
 def new generation   total 8960K, used 8000K [0x04e00000, 0x057b0000, 0x0a350000)
  eden space 8000K, 100% used [0x04e00000, 0x055d0000, 0x055d0000)
  from space 960K,   0% used [0x055d0000, 0x055d0000, 0x056c0000)
  to   space 960K,   0% used [0x056c0000, 0x056c0000, 0x057b0000)
 tenured generation   total 19716K, used 11828K [0x0a350000, 0x0b691000, 0x14e00000)
   the space 19716K,  59% used [0x0a350000, 0x0aedd2b0, 0x0aedd400, 0x0b691000)
 Metaspace       used 1818K, capacity 2847K, committed 2880K, reserved 4480K
Event: 21.383 GC heap after
Heap after GC invocations=5 (full 1):
 def new generation   total 8960K, used 618K [0x04e00000, 0x057b0000, 0x0a350000)
  eden space 8000K,   0% used [0x04e00000, 0x04e00000, 0x055d0000)
  from space 960K,  64% used [0x056c0000, 0x0575aa00, 0x057b0000)
  to   space 960K,   0% used [0x055d0000, 0x055d0000, 0x056c0000)
 tenured generation   total 19716K, used 15368K [0x0a350000, 0x0b691000, 0x14e00000)
   the space 19716K,  77% used [0x0a350000, 0x0b252008, 0x0b252200, 0x0b691000)
 Metaspace       used 1818K, capacity 2847K, committed 2880K, reserved 4480K
}

Deoptimization events (0 events):
No events

Classes redefined (0 events):
No events

Internal exceptions (10 events):
Event: 0.313 Thread 0x012bcc00 Exception <a 'java/security/PrivilegedActionException'> (0x051ccf88) thrown at [C:\ade\jenkins\workspace\8-2-build-windows-i586-cygwin\jdk8u241\331\hotspot\src\share\vm\prims\jvm.cpp, line 1502]
Event: 0.313 Thread 0x012bcc00 Exception <a 'java/security/PrivilegedActionException'> (0x051cefc8) thrown at [C:\ade\jenkins\workspace\8-2-build-windows-i586-cygwin\jdk8u241\331\hotspot\src\share\vm\prims\jvm.cpp, line 1502]
Event: 0.313 Thread 0x012bcc00 Exception <a 'java/security/PrivilegedActionException'> (0x051cf1c8) thrown at [C:\ade\jenkins\workspace\8-2-build-windows-i586-cygwin\jdk8u241\331\hotspot\src\share\vm\prims\jvm.cpp, line 1502]
Event: 0.313 Thread 0x012bcc00 Exception <a 'java/security/PrivilegedActionException'> (0x051d0e80) thrown at [C:\ade\jenkins\workspace\8-2-build-windows-i586-cygwin\jdk8u241\331\hotspot\src\share\vm\prims\jvm.cpp, line 1502]
Event: 0.313 Thread 0x012bcc00 Exception <a 'java/security/PrivilegedActionException'> (0x051d1080) thrown at [C:\ade\jenkins\workspace\8-2-build-windows-i586-cygwin\jdk8u241\331\hotspot\src\share\vm\prims\jvm.cpp, line 1502]
Event: 0.313 Thread 0x012bcc00 Exception <a 'java/security/PrivilegedActionException'> (0x051d2e88) thrown at [C:\ade\jenkins\workspace\8-2-build-windows-i586-cygwin\jdk8u241\331\hotspot\src\share\vm\prims\jvm.cpp, line 1502]
Event: 0.313 Thread 0x012bcc00 Exception <a 'java/security/PrivilegedActionException'> (0x051d3088) thrown at [C:\ade\jenkins\workspace\8-2-build-windows-i586-cygwin\jdk8u241\331\hotspot\src\share\vm\prims\jvm.cpp, line 1502]
Event: 0.315 Thread 0x012bcc00 Exception <a 'java/security/PrivilegedActionException'> (0x051dfe88) thrown at [C:\ade\jenkins\workspace\8-2-build-windows-i586-cygwin\jdk8u241\331\hotspot\src\share\vm\prims\jvm.cpp, line 1502]
Event: 0.315 Thread 0x012bcc00 Exception <a 'java/security/PrivilegedActionException'> (0x051e0088) thrown at [C:\ade\jenkins\workspace\8-2-build-windows-i586-cygwin\jdk8u241\331\hotspot\src\share\vm\prims\jvm.cpp, line 1502]
Event: 8.537 Thread 0x1660dc00 Implicit null exception at 0x02cc9d8f to 0x02ccb603

Events (10 events):
Event: 21.378 Thread 0x02b59c00 Thread exited: 0x02b59c00
Event: 21.378 Executing VM operation: GenCollectForAllocation
Event: 21.383 Executing VM operation: GenCollectForAllocation done
Event: 21.383 Thread 0x191b6000 Thread exited: 0x191b6000
Event: 21.407 Thread 0x16467c00 Thread exited: 0x16467c00
Event: 21.477 Thread 0x02b57000 Thread exited: 0x02b57000
Event: 21.477 Executing VM operation: RevokeBias
Event: 21.477 Executing VM operation: RevokeBias done
Event: 21.477 Executing VM operation: RevokeBias
Event: 21.477 Executing VM operation: RevokeBias done


Dynamic libraries:
0x00970000 - 0x009a3000 	C:\Program Files (x86)\Java\jre1.8.0_241\bin\javaw.exe
0x77b50000 - 0x77cec000 	C:\WINDOWS\SYSTEM32\ntdll.dll
0x76980000 - 0x76a60000 	C:\WINDOWS\System32\KERNEL32.DLL
0x777a0000 - 0x77999000 	C:\WINDOWS\System32\KERNELBASE.dll
0x5da30000 - 0x5dcc7000 	C:\Program Files\Norton Security\NortonData\22.17.0.183\Definitions\IPSDefs\20200131.061\IPSEng32.dll
0x75f80000 - 0x75ffe000 	C:\WINDOWS\System32\ADVAPI32.dll
0x75850000 - 0x75910000 	C:\WINDOWS\System32\msvcrt.dll
0x76cf0000 - 0x76d69000 	C:\WINDOWS\System32\sechost.dll
0x751f0000 - 0x752af000 	C:\WINDOWS\System32\RPCRT4.dll
0x751b0000 - 0x751d0000 	C:\WINDOWS\System32\SspiCli.dll
0x751a0000 - 0x751aa000 	C:\WINDOWS\System32\CRYPTBASE.dll
0x76910000 - 0x76972000 	C:\WINDOWS\System32\bcryptPrimitives.dll
0x767c0000 - 0x767c6000 	C:\WINDOWS\System32\PSAPI.DLL
0x77040000 - 0x771da000 	C:\WINDOWS\System32\USER32.dll
0x76b20000 - 0x76b37000 	C:\WINDOWS\System32\win32u.dll
0x76ff0000 - 0x77013000 	C:\WINDOWS\System32\GDI32.dll
0x76b40000 - 0x76ca6000 	C:\WINDOWS\System32\gdi32full.dll
0x75f00000 - 0x75f80000 	C:\WINDOWS\System32\msvcp_win.dll
0x767e0000 - 0x76902000 	C:\WINDOWS\System32\ucrtbase.dll
0x70190000 - 0x7039f000 	C:\WINDOWS\WinSxS\x86_microsoft.windows.common-controls_6595b64144ccf1df_6.0.17763.973_none_4d5f7c671b9e1487\COMCTL32.dll
0x76d70000 - 0x76fe8000 	C:\WINDOWS\System32\combase.dll
0x76790000 - 0x767b5000 	C:\WINDOWS\System32\IMM32.DLL
0x5d970000 - 0x5da2f000 	C:\Program Files (x86)\Java\jre1.8.0_241\bin\msvcr100.dll
0x5d0e0000 - 0x5d4ba000 	C:\Program Files (x86)\Java\jre1.8.0_241\bin\client\jvm.dll
0x6fde0000 - 0x6fde8000 	C:\WINDOWS\SYSTEM32\WSOCK32.dll
0x73390000 - 0x733b4000 	C:\WINDOWS\SYSTEM32\WINMM.dll
0x77730000 - 0x7778f000 	C:\WINDOWS\System32\WS2_32.dll
0x73360000 - 0x73383000 	C:\WINDOWS\SYSTEM32\WINMMBASE.dll
0x76cb0000 - 0x76ceb000 	C:\WINDOWS\System32\cfgmgr32.dll
0x744d0000 - 0x744d8000 	C:\WINDOWS\SYSTEM32\VERSION.dll
0x73030000 - 0x7303c000 	C:\Program Files (x86)\Java\jre1.8.0_241\bin\verify.dll
0x70f60000 - 0x70f81000 	C:\Program Files (x86)\Java\jre1.8.0_241\bin\java.dll
0x70f40000 - 0x70f54000 	C:\Program Files (x86)\Java\jre1.8.0_241\bin\zip.dll
0x759a0000 - 0x75ef3000 	C:\WINDOWS\System32\SHELL32.dll
0x776a0000 - 0x77729000 	C:\WINDOWS\System32\shcore.dll
0x76040000 - 0x7663e000 	C:\WINDOWS\System32\windows.storage.dll
0x76020000 - 0x7603c000 	C:\WINDOWS\System32\profapi.dll
0x757f0000 - 0x75844000 	C:\WINDOWS\System32\powrprof.dll
0x75350000 - 0x75394000 	C:\WINDOWS\System32\shlwapi.dll
0x76a60000 - 0x76a6f000 	C:\WINDOWS\System32\kernel.appcore.dll
0x751d0000 - 0x751e2000 	C:\WINDOWS\System32\cryptsp.dll
0x5d820000 - 0x5d967000 	C:\Program Files (x86)\Java\jre1.8.0_241\bin\awt.dll
0x752b0000 - 0x75346000 	C:\WINDOWS\System32\OLEAUT32.dll
0x6f890000 - 0x6f92c000 	C:\WINDOWS\SYSTEM32\apphelp.dll
0x70110000 - 0x7018b000 	C:\WINDOWS\system32\uxtheme.dll
0x76640000 - 0x7677c000 	C:\WINDOWS\System32\MSCTF.dll
0x6f5d0000 - 0x6f5f6000 	C:\WINDOWS\system32\dwmapi.dll
0x779a0000 - 0x77b38000 	C:\WINDOWS\System32\CRYPT32.dll
0x76780000 - 0x7678e000 	C:\WINDOWS\System32\MSASN1.dll
0x773a0000 - 0x7749c000 	C:\WINDOWS\System32\ole32.dll
0x5fa60000 - 0x5fb39000 	C:\WINDOWS\system32\opengl32.dll
0x64c50000 - 0x64c8f000 	C:\WINDOWS\SYSTEM32\GLU32.dll
0x70f00000 - 0x70f3a000 	C:\Program Files (x86)\Java\jre1.8.0_241\bin\fontmanager.dll
0x70590000 - 0x705a6000 	C:\Program Files (x86)\Java\jre1.8.0_241\bin\net.dll
0x742d0000 - 0x74322000 	C:\WINDOWS\system32\mswsock.dll
0x700f0000 - 0x700ff000 	C:\Program Files (x86)\Java\jre1.8.0_241\bin\nio.dll
0x731a0000 - 0x731cf000 	C:\WINDOWS\system32\rsaenh.dll
0x77020000 - 0x77039000 	C:\WINDOWS\System32\bcrypt.dll
0x74260000 - 0x74284000 	C:\WINDOWS\SYSTEM32\USERENV.dll
0x733f0000 - 0x73423000 	C:\WINDOWS\SYSTEM32\IPHLPAPI.DLL
0x767d0000 - 0x767d7000 	C:\WINDOWS\System32\NSI.dll
0x73250000 - 0x73263000 	C:\WINDOWS\SYSTEM32\dhcpcsvc6.DLL
0x73230000 - 0x73244000 	C:\WINDOWS\SYSTEM32\dhcpcsvc.DLL
0x73f60000 - 0x73ff0000 	C:\WINDOWS\SYSTEM32\DNSAPI.dll
0x64c20000 - 0x64c46000 	C:\Program Files (x86)\Java\jre1.8.0_241\bin\jpeg.dll
0x64ce0000 - 0x64ced000 	C:\Users\Robots\Documents\PictoralFin\Pictoral Fin Workspace\PictoralFin\dlls\jmtp.dll
0x744e0000 - 0x74583000 	C:\WINDOWS\WinSxS\x86_microsoft.vc90.crt_1fc8b3b9a1e18e3b_9.0.30729.9518_none_508db366bcbd18c4\MSVCR90.dll
0x5d790000 - 0x5d81e000 	C:\WINDOWS\WinSxS\x86_microsoft.vc90.crt_1fc8b3b9a1e18e3b_9.0.30729.9518_none_508db366bcbd18c4\MSVCP90.dll
0x75910000 - 0x75991000 	C:\WINDOWS\System32\clbcatq.dll
0x5d700000 - 0x5d783000 	C:\Windows\System32\PortableDeviceApi.dll
0x753a0000 - 0x757eb000 	C:\WINDOWS\System32\SETUPAPI.dll
0x73170000 - 0x73193000 	C:\WINDOWS\System32\DEVOBJ.dll
0x64b70000 - 0x64b97000 	C:\Windows\System32\PortableDeviceTypes.dll
0x73430000 - 0x735af000 	C:\Windows\System32\PROPSYS.dll
0x76a70000 - 0x76ab5000 	C:\WINDOWS\System32\WINTRUST.dll
0x73670000 - 0x736fe000 	C:\WINDOWS\WinSxS\x86_microsoft.windows.common-controls_6595b64144ccf1df_5.82.17763.973_none_589346db78a8e6ae\comctl32.dll
0x5d6c0000 - 0x5d6f2000 	C:\Program Files (x86)\Java\jre1.8.0_241\bin\t2k.dll
0x64970000 - 0x64ae1000 	C:\WINDOWS\SYSTEM32\WindowsCodecs.dll
0x6fe20000 - 0x6fe6d000 	C:\WINDOWS\system32\dataexchange.dll
0x65ce0000 - 0x65e3f000 	C:\WINDOWS\system32\dcomp.dll
0x65e40000 - 0x66069000 	C:\WINDOWS\system32\d3d11.dll
0x66070000 - 0x66114000 	C:\WINDOWS\system32\dxgi.dll
0x65070000 - 0x65213000 	C:\WINDOWS\system32\twinapi.appcore.dll
0x6fe00000 - 0x6fe1e000 	C:\WINDOWS\system32\RMCLIENT.dll
0x6f050000 - 0x6f0d6000 	C:\WINDOWS\System32\TextInputFramework.dll
0x6ed50000 - 0x6eddf000 	C:\WINDOWS\System32\CoreMessaging.dll
0x6ede0000 - 0x6f04a000 	C:\WINDOWS\System32\CoreUIComponents.dll
0x700c0000 - 0x700e9000 	C:\WINDOWS\SYSTEM32\ntmarta.dll
0x6fad0000 - 0x6fbab000 	C:\WINDOWS\SYSTEM32\wintypes.dll
0x6ff30000 - 0x700bf000 	C:\WINDOWS\SYSTEM32\dbghelp.dll

VM Arguments:
jvm_args: -Djava.library.path=C:\Users\Robots\Documents\PictoralFin\Pictoral Fin Workspace\PictoralFin\dlls -Dfile.encoding=Cp1252 
java_command: mainFrame.Launcher
java_class_path (initial): C:\Users\Robots\Documents\PictoralFin\Pictoral Fin Workspace\PictoralFin\bin;C:\Users\Robots\Documents\PictoralFin\Pictoral Fin Workspace\PictoralFin\jarFiles\ffmpeg-3.4.2-1.4.1-windows-x86_64.jar;C:\Users\Robots\Documents\PictoralFin\Pictoral Fin Workspace\PictoralFin\jarFiles;C:\Users\Robots\Documents\PictoralFin\Pictoral Fin Workspace\PictoralFin\jarFiles\ffmpeg-3.4.2-1.4.1.jar;C:\Users\Robots\Documents\PictoralFin\Pictoral Fin Workspace\PictoralFin\jarFiles\javacpp-1.2.jar;C:\Users\Robots\Documents\PictoralFin\Pictoral Fin Workspace\PictoralFin\jarFiles\javacv-1.2.jar;C:\Users\Robots\Documents\PictoralFin\Pictoral Fin Workspace\PictoralFin\jarFiles\jmtp.jar;C:\Users\Robots\Documents\PictoralFin\Pictoral Fin Workspace\PictoralFin\jarFiles\opencv-3.4.1-1.4.1-windows-x86_64.jar;C:\Users\Robots\Documents\PictoralFin\Pictoral Fin Workspace\PictoralFin\jarFiles\opencv-3.4.1-1.4.1.jar
Launcher Type: SUN_STANDARD

Environment Variables:
PATH=C:/Program Files/Java/jre1.8.0_91/bin/server;C:/Program Files/Java/jre1.8.0_91/bin;C:/Program Files/Java/jre1.8.0_91/lib/amd64;C:\ProgramData\Oracle\Java\javapath;C:\Program Files\Dell\DW WLAN Card;C:\WINDOWS\system32;C:\WINDOWS;C:\WINDOWS\System32\Wbem;C:\WINDOWS\System32\WindowsPowerShell\v1.0\;C:\Program Files (x86)\Intel\OpenCL SDK\2.0\bin\x86;C:\Program Files (x86)\Intel\OpenCL SDK\2.0\bin\x64;C:\Program Files (x86)\SizeExplorer Pro 4;C:\Users\TOAST\.AndroidStudio2.3\platform-tools;C:\Program Files\PuTTY\;C:\Program Files (x86)\IVI Foundation\VISA\WinNT\Bin;C:\WINDOWS\System32\OpenSSH\;C:\Program Files\Git\cmd;C:\Program Files\leJOS EV3\bin;C:\Users\Robots\AppData\Local\Microsoft\WindowsApps;C:\Program Files\graalvm-ee-19.2.0\bin;;C:\Users\Robots\eclipse;
USERNAME=Robots
OS=Windows_NT
PROCESSOR_IDENTIFIER=Intel64 Family 6 Model 42 Stepping 7, GenuineIntel



---------------  S Y S T E M  ---------------

OS: Windows 10.0 , 64 bit Build 17763 (10.0.17763.475)

CPU:total 4 (initial active 4) (2 cores per cpu, 2 threads per core) family 6 model 42 stepping 7, cmov, cx8, fxsr, mmx, sse, sse2, sse3, ssse3, sse4.1, sse4.2, popcnt, avx, aes, clmul, ht, tsc, tscinvbit

Memory: 4k page, physical 8266764k(2203188k free), swap 13509644k(2918780k free)

vm_info: Java HotSpot(TM) Client VM (25.241-b07) for windows-x86 JRE (1.8.0_241-b07), built on Dec 11 2019 10:24:16 by "rejava" with MS VC++ 10.0 (VS2010)

time: Sun Feb 02 14:20:18 2020
timezone: Eastern Standard Time
elapsed time: 21 seconds (0d 0h 0m 21s)

